<?xml version="1.0" encoding="UTF-8"?>
<!-- Generated by org.testng.reporters.JUnitReportReporter -->
<testsuite hostname="DESKTOP-RJCO49F" failures="0" tests="1" name="Project_one.Dropdownwithoutselecttag" time="19.729" errors="0" timestamp="2024-08-08T17:54:46 IST" skipped="0">
  <testcase classname="Project_one.Dropdownwithoutselecttag" name="selectdropdownwithouttag" time="19.729"/>
</testsuite> <!-- Project_one.Dropdownwithoutselecttag -->
