<?xml version="1.0" encoding="UTF-8"?>
<!-- Generated by org.testng.reporters.JUnitReportReporter -->
<testsuite hostname="DESKTOP-RJCO49F" failures="0" tests="1" name="Project_one.CalenderTest" time="17.697" errors="0" timestamp="2024-04-24T10:51:48 IST" skipped="0">
  <testcase classname="Project_one.CalenderTest" name="SelectCalenderTest" time="17.697"/>
</testsuite> <!-- Project_one.CalenderTest -->
